Build started 3/11/2015 11:47:11 PM.
     1>Project "C:\Users\Jacob Parry\Dropbox\Microsoft Visual Studio 2013\Projects\Lab07\Lab07\Lab07.vcxproj" on node 2 (Build target(s)).
     1>ClCompile:
         C:\Program Files (x86)\Microsoft Visual Studio 12.0\VC\bin\CL.exe /c /ZI /nologo /W3 /WX- /sdl /Od /Oy- /D _MBCS /Gm /EHsc /RTC1 /MDd /GS /fp:precise /Zc:wchar_t /Zc:forScope /Fo"Debug\\" /Fd"Debug\vc120.pdb" /Gd /TP /analyze- /errorReport:prompt Lab07.cpp
         Lab07.cpp
     1>c:\users\jacob parry\dropbox\microsoft visual studio 2013\projects\lab07\lab07\lab07.cpp(74): warning C4018: '<' : signed/unsigned mismatch
     1>c:\users\jacob parry\dropbox\microsoft visual studio 2013\projects\lab07\lab07\lab07.cpp(95): warning C4018: '<' : signed/unsigned mismatch
     1>c:\users\jacob parry\dropbox\microsoft visual studio 2013\projects\lab07\lab07\lab07.cpp(98): warning C4018: '<' : signed/unsigned mismatch
     1>c:\users\jacob parry\dropbox\microsoft visual studio 2013\projects\lab07\lab07\lab07.cpp(181): warning C4018: '<' : signed/unsigned mismatch
     1>c:\users\jacob parry\dropbox\microsoft visual studio 2013\projects\lab07\lab07\lab07.cpp(218): warning C4018: '<' : signed/unsigned mismatch
     1>c:\users\jacob parry\dropbox\microsoft visual studio 2013\projects\lab07\lab07\lab07.cpp(274): warning C4018: '<' : signed/unsigned mismatch
     1>c:\users\jacob parry\dropbox\microsoft visual studio 2013\projects\lab07\lab07\lab07.cpp(345): warning C4244: 'argument' : conversion from 'time_t' to 'unsigned int', possible loss of data
     1>c:\users\jacob parry\dropbox\microsoft visual studio 2013\projects\lab07\lab07\lab07.cpp(341): warning C4715: 'Start_Tournament' : not all control paths return a value
       Link:
         C:\Program Files (x86)\Microsoft Visual Studio 12.0\VC\bin\link.exe /ERRORREPORT:PROMPT /OUT:"C:\Users\Jacob Parry\Dropbox\Microsoft Visual Studio 2013\Projects\Lab07\Debug\Lab07.exe" /INCREMENTAL /NOLOGO kernel32.lib user32.lib gdi32.lib winspool.lib comdlg32.lib advapi32.lib shell32.lib ole32.lib oleaut32.lib uuid.lib odbc32.lib odbccp32.lib /MANIFEST /MANIFESTUAC:"level='asInvoker' uiAccess='false'" /manifest:embed /DEBUG /PDB:"C:\Users\Jacob Parry\Dropbox\Microsoft Visual Studio 2013\Projects\Lab07\Debug\Lab07.pdb" /TLBID:1 /DYNAMICBASE /NXCOMPAT /IMPLIB:"C:\Users\Jacob Parry\Dropbox\Microsoft Visual Studio 2013\Projects\Lab07\Debug\Lab07.lib" /MACHINE:X86 Debug\Lab07.obj
         Debug\Notes.obj
         Lab07.vcxproj -> C:\Users\Jacob Parry\Dropbox\Microsoft Visual Studio 2013\Projects\Lab07\Debug\Lab07.exe
     1>Done Building Project "C:\Users\Jacob Parry\Dropbox\Microsoft Visual Studio 2013\Projects\Lab07\Lab07\Lab07.vcxproj" (Build target(s)).

Build succeeded.

Time Elapsed 00:00:00.85
